------------------------------
Tue Jan 09 2018 2:22:54 PM
GET /GuestBook.html
HEADERS=> {
  "host": "localhost:5000",
  "connection": "keep-alive",
  "cache-control": "max-age=0",
  "upgrade-insecure-requests": "1",
  "user-agent": "Mozilla/5.0 (Macintosh; Intel Mac OS X 10_13_2) AppleWebKit/537.36 (KHTML, like Gecko) Chrome/63.0.3239.132 Safari/537.36",
  "accept": "text/html,application/xhtml+xml,application/xml;q=0.9,image/webp,image/apng,*/*;q=0.8",
  "accept-encoding": "gzip, deflate, br",
  "accept-language": "en-US,en;q=0.9",
  "cookie": "logInFailed=true; sessionid=1515473026281"
}
COOKIES=> {
  "logInFailed": "true",
  "sessionid": "1515473026281"
}
BODY=> {}
------------------------------
Tue Jan 09 2018 2:22:54 PM
GET /css/flower.css
HEADERS=> {
  "host": "localhost:5000",
  "connection": "keep-alive",
  "user-agent": "Mozilla/5.0 (Macintosh; Intel Mac OS X 10_13_2) AppleWebKit/537.36 (KHTML, like Gecko) Chrome/63.0.3239.132 Safari/537.36",
  "accept": "text/css,*/*;q=0.1",
  "referer": "http://localhost:5000/GuestBook.html",
  "accept-encoding": "gzip, deflate, br",
  "accept-language": "en-US,en;q=0.9",
  "cookie": "logInFailed=true; sessionid=1515473026281"
}
COOKIES=> {
  "logInFailed": "true",
  "sessionid": "1515473026281"
}
BODY=> {}
------------------------------
Tue Jan 09 2018 2:23:41 PM
GET /flowerCatalog.html
HEADERS=> {
  "host": "localhost:5000",
  "connection": "keep-alive",
  "upgrade-insecure-requests": "1",
  "user-agent": "Mozilla/5.0 (Macintosh; Intel Mac OS X 10_13_2) AppleWebKit/537.36 (KHTML, like Gecko) Chrome/63.0.3239.132 Safari/537.36",
  "accept": "text/html,application/xhtml+xml,application/xml;q=0.9,image/webp,image/apng,*/*;q=0.8",
  "referer": "http://localhost:5000/GuestBook.html",
  "accept-encoding": "gzip, deflate, br",
  "accept-language": "en-US,en;q=0.9",
  "cookie": "logInFailed=true; sessionid=1515473026281"
}
COOKIES=> {
  "logInFailed": "true",
  "sessionid": "1515473026281"
}
BODY=> {}
------------------------------
Tue Jan 09 2018 2:23:41 PM
GET /css/flower.css
HEADERS=> {
  "host": "localhost:5000",
  "connection": "keep-alive",
  "user-agent": "Mozilla/5.0 (Macintosh; Intel Mac OS X 10_13_2) AppleWebKit/537.36 (KHTML, like Gecko) Chrome/63.0.3239.132 Safari/537.36",
  "accept": "text/css,*/*;q=0.1",
  "referer": "http://localhost:5000/flowerCatalog.html",
  "accept-encoding": "gzip, deflate, br",
  "accept-language": "en-US,en;q=0.9",
  "cookie": "logInFailed=true; sessionid=1515473026281"
}
COOKIES=> {
  "logInFailed": "true",
  "sessionid": "1515473026281"
}
BODY=> {}
------------------------------
Tue Jan 09 2018 2:23:41 PM
GET /js/flowerCatalog.js
HEADERS=> {
  "host": "localhost:5000",
  "connection": "keep-alive",
  "user-agent": "Mozilla/5.0 (Macintosh; Intel Mac OS X 10_13_2) AppleWebKit/537.36 (KHTML, like Gecko) Chrome/63.0.3239.132 Safari/537.36",
  "accept": "*/*",
  "referer": "http://localhost:5000/flowerCatalog.html",
  "accept-encoding": "gzip, deflate, br",
  "accept-language": "en-US,en;q=0.9",
  "cookie": "logInFailed=true; sessionid=1515473026281"
}
COOKIES=> {
  "logInFailed": "true",
  "sessionid": "1515473026281"
}
BODY=> {}
------------------------------
Tue Jan 09 2018 2:23:41 PM
GET /img/freshorigins.jpg
HEADERS=> {
  "host": "localhost:5000",
  "connection": "keep-alive",
  "user-agent": "Mozilla/5.0 (Macintosh; Intel Mac OS X 10_13_2) AppleWebKit/537.36 (KHTML, like Gecko) Chrome/63.0.3239.132 Safari/537.36",
  "accept": "image/webp,image/apng,image/*,*/*;q=0.8",
  "referer": "http://localhost:5000/flowerCatalog.html",
  "accept-encoding": "gzip, deflate, br",
  "accept-language": "en-US,en;q=0.9",
  "cookie": "logInFailed=true; sessionid=1515473026281"
}
COOKIES=> {
  "logInFailed": "true",
  "sessionid": "1515473026281"
}
BODY=> {}
------------------------------
Tue Jan 09 2018 2:23:41 PM
GET /img/animated.gif
HEADERS=> {
  "host": "localhost:5000",
  "connection": "keep-alive",
  "user-agent": "Mozilla/5.0 (Macintosh; Intel Mac OS X 10_13_2) AppleWebKit/537.36 (KHTML, like Gecko) Chrome/63.0.3239.132 Safari/537.36",
  "accept": "image/webp,image/apng,image/*,*/*;q=0.8",
  "referer": "http://localhost:5000/flowerCatalog.html",
  "accept-encoding": "gzip, deflate, br",
  "accept-language": "en-US,en;q=0.9",
  "cookie": "logInFailed=true; sessionid=1515473026281"
}
COOKIES=> {
  "logInFailed": "true",
  "sessionid": "1515473026281"
}
BODY=> {}
------------------------------
Tue Jan 09 2018 2:23:57 PM
GET /GuestBook.html
HEADERS=> {
  "host": "localhost:5000",
  "connection": "keep-alive",
  "upgrade-insecure-requests": "1",
  "user-agent": "Mozilla/5.0 (Macintosh; Intel Mac OS X 10_13_2) AppleWebKit/537.36 (KHTML, like Gecko) Chrome/63.0.3239.132 Safari/537.36",
  "accept": "text/html,application/xhtml+xml,application/xml;q=0.9,image/webp,image/apng,*/*;q=0.8",
  "referer": "http://localhost:5000/flowerCatalog.html",
  "accept-encoding": "gzip, deflate, br",
  "accept-language": "en-US,en;q=0.9",
  "cookie": "logInFailed=true; sessionid=1515473026281"
}
COOKIES=> {
  "logInFailed": "true",
  "sessionid": "1515473026281"
}
BODY=> {}
------------------------------
Tue Jan 09 2018 2:23:57 PM
GET /css/flower.css
HEADERS=> {
  "host": "localhost:5000",
  "connection": "keep-alive",
  "user-agent": "Mozilla/5.0 (Macintosh; Intel Mac OS X 10_13_2) AppleWebKit/537.36 (KHTML, like Gecko) Chrome/63.0.3239.132 Safari/537.36",
  "accept": "text/css,*/*;q=0.1",
  "referer": "http://localhost:5000/GuestBook.html",
  "accept-encoding": "gzip, deflate, br",
  "accept-language": "en-US,en;q=0.9",
  "cookie": "logInFailed=true; sessionid=1515473026281"
}
COOKIES=> {
  "logInFailed": "true",
  "sessionid": "1515473026281"
}
BODY=> {}
------------------------------
Tue Jan 09 2018 2:24:07 PM
POST /login
HEADERS=> {
  "host": "localhost:5000",
  "connection": "keep-alive",
  "content-length": "26",
  "cache-control": "max-age=0",
  "origin": "http://localhost:5000",
  "upgrade-insecure-requests": "1",
  "content-type": "application/x-www-form-urlencoded",
  "user-agent": "Mozilla/5.0 (Macintosh; Intel Mac OS X 10_13_2) AppleWebKit/537.36 (KHTML, like Gecko) Chrome/63.0.3239.132 Safari/537.36",
  "accept": "text/html,application/xhtml+xml,application/xml;q=0.9,image/webp,image/apng,*/*;q=0.8",
  "referer": "http://localhost:5000/GuestBook.html",
  "accept-encoding": "gzip, deflate, br",
  "accept-language": "en-US,en;q=0.9",
  "cookie": "logInFailed=true; sessionid=1515473026281"
}
COOKIES=> {
  "logInFailed": "true",
  "sessionid": "1515473026281"
}
BODY=> {
  "name": "santosh",
  "comments": "nice"
}
